<?xml version="1.0" encoding="UTF-8"?>
<robot generator="Rebot 7.4.1 (Python 3.14.0 on win32)" generated="2026-02-14T13:15:48.616141" rpa="false" schemaversion="5">
<suite id="s1" name="Login test" source="C:\Users\HP\PycharmProjects\RobotFM\POM_In_RF\TestCases\Login_test.robot">
<test id="s1-t1" name="Login test" line="17">
<kw name="Open My Browser" owner="LoginKeywordsRes">
<kw name="Open Browser" owner="SeleniumLibrary">
<msg time="2026-02-14T13:15:34.675178" level="INFO">Opening browser 'chrome' to base url 'https://tutorialsninja.com/demo/index.php?route=account/login'.</msg>
<arg>${SITE_URL}</arg>
<arg>${BROWSER}</arg>
<doc>Opens a new browser instance to the optional ``url``.</doc>
<status status="PASS" start="2026-02-14T13:15:34.674876" elapsed="6.413807"/>
</kw>
<kw name="Maximize Browser Window" owner="SeleniumLibrary">
<doc>Maximizes current browser window.</doc>
<status status="PASS" start="2026-02-14T13:15:41.089137" elapsed="0.053028"/>
</kw>
<arg>${SITE_URL}</arg>
<arg>${BROWSER}</arg>
<status status="PASS" start="2026-02-14T13:15:34.674050" elapsed="6.468309"/>
</kw>
<kw name="Enter Username" owner="LoginKeywordsRes">
<kw name="Input Text" owner="SeleniumLibrary">
<msg time="2026-02-14T13:15:41.143321" level="INFO">Typing text 'nanapatekar@gmail.com' into text field 'id:input-email'.</msg>
<arg>${txt_loginUsername}</arg>
<arg>${username}</arg>
<doc>Types the given ``text`` into the text field identified by ``locator``.</doc>
<status status="PASS" start="2026-02-14T13:15:41.142938" elapsed="0.211193"/>
</kw>
<arg>${username}</arg>
<status status="PASS" start="2026-02-14T13:15:41.142605" elapsed="0.211670"/>
</kw>
<kw name="Enter Password" owner="LoginKeywordsRes">
<kw name="Input Text" owner="SeleniumLibrary">
<msg time="2026-02-14T13:15:41.355176" level="INFO">Typing text 'nanapatekar' into text field 'id:input-password'.</msg>
<arg>${txt_loginPassword}</arg>
<arg>${password}</arg>
<doc>Types the given ``text`` into the text field identified by ``locator``.</doc>
<status status="PASS" start="2026-02-14T13:15:41.354932" elapsed="0.074737"/>
</kw>
<arg>${password}</arg>
<status status="PASS" start="2026-02-14T13:15:41.354552" elapsed="0.075226"/>
</kw>
<kw name="Click Login" owner="LoginKeywordsRes">
<kw name="Click Element" owner="SeleniumLibrary">
<msg time="2026-02-14T13:15:41.430378" level="INFO">Clicking element 'xpath://input[@type='submit']'.</msg>
<arg>${btn_Login}</arg>
<doc>Click the element identified by ``locator``.</doc>
<status status="PASS" start="2026-02-14T13:15:41.430161" elapsed="2.447671"/>
</kw>
<status status="PASS" start="2026-02-14T13:15:41.429934" elapsed="2.448086"/>
</kw>
<kw name="Sleep" owner="BuiltIn">
<msg time="2026-02-14T13:15:45.880261" level="INFO">Slept 2 seconds.</msg>
<arg>2s</arg>
<doc>Pauses the test executed for the given time.</doc>
<status status="PASS" start="2026-02-14T13:15:43.878208" elapsed="2.002171"/>
</kw>
<kw name="Verify Successful Login" owner="LoginKeywordsRes">
<kw name="Page Should Contain" owner="SeleniumLibrary">
<msg time="2026-02-14T13:15:45.912237" level="INFO">Current page contains text 'Edit your account information'.</msg>
<arg>Edit your account information</arg>
<doc>Verifies that current page contains ``text``.</doc>
<status status="PASS" start="2026-02-14T13:15:45.880824" elapsed="0.031546"/>
</kw>
<status status="PASS" start="2026-02-14T13:15:45.880580" elapsed="0.031913"/>
</kw>
<kw name="Close My Browser" owner="LoginKeywordsRes">
<kw name="Close All Browsers" owner="SeleniumLibrary">
<doc>Closes all open browsers and resets the browser cache.</doc>
<status status="PASS" start="2026-02-14T13:15:45.913001" elapsed="2.163435"/>
</kw>
<status status="PASS" start="2026-02-14T13:15:45.912701" elapsed="2.163968"/>
</kw>
<status status="PASS" start="2026-02-14T13:15:34.673240" elapsed="13.403745"/>
</test>
<test id="s1-t2" name="Login test with Try and Except block" line="27">
<kw name="Open My Browser" owner="LoginKeywordsRes">
<kw name="Open Browser" owner="SeleniumLibrary">
<msg time="2026-02-14T13:15:34.671824" level="INFO">Opening browser 'chrome' to base url 'https://tutorialsninja.com/demo/index.php?route=account/login'.</msg>
<arg>${SITE_URL}</arg>
<arg>${BROWSER}</arg>
<doc>Opens a new browser instance to the optional ``url``.</doc>
<status status="PASS" start="2026-02-14T13:15:34.671611" elapsed="6.842518"/>
</kw>
<kw name="Maximize Browser Window" owner="SeleniumLibrary">
<doc>Maximizes current browser window.</doc>
<status status="PASS" start="2026-02-14T13:15:41.516398" elapsed="0.043183"/>
</kw>
<arg>${SITE_URL}</arg>
<arg>${BROWSER}</arg>
<status status="PASS" start="2026-02-14T13:15:34.670929" elapsed="6.889096"/>
</kw>
<try>
<branch type="TRY">
<kw name="Enter Username" owner="LoginKeywordsRes">
<kw name="Input Text" owner="SeleniumLibrary">
<msg time="2026-02-14T13:15:41.562943" level="INFO">Typing text 'nanapatekar@gmail.com' into text field 'id:input-email'.</msg>
<arg>${txt_loginUsername}</arg>
<arg>${username}</arg>
<doc>Types the given ``text`` into the text field identified by ``locator``.</doc>
<status status="PASS" start="2026-02-14T13:15:41.562065" elapsed="0.280813"/>
</kw>
<arg>${username}</arg>
<status status="PASS" start="2026-02-14T13:15:41.561276" elapsed="0.281880"/>
</kw>
<kw name="Enter Password" owner="LoginKeywordsRes">
<kw name="Input Text" owner="SeleniumLibrary">
<msg time="2026-02-14T13:15:41.845281" level="INFO">Typing text 'nanapatekar' into text field 'id:input-password'.</msg>
<arg>${txt_loginPassword}</arg>
<arg>${password}</arg>
<doc>Types the given ``text`` into the text field identified by ``locator``.</doc>
<status status="PASS" start="2026-02-14T13:15:41.844551" elapsed="0.178436"/>
</kw>
<arg>${password}</arg>
<status status="PASS" start="2026-02-14T13:15:41.843550" elapsed="0.179652"/>
</kw>
<kw name="Click Login" owner="LoginKeywordsRes">
<kw name="Click Element" owner="SeleniumLibrary">
<msg time="2026-02-14T13:15:42.025042" level="INFO">Clicking element 'xpath://input[@type='submit']'.</msg>
<arg>${btn_Login}</arg>
<doc>Click the element identified by ``locator``.</doc>
<status status="PASS" start="2026-02-14T13:15:42.024406" elapsed="2.038904"/>
</kw>
<status status="PASS" start="2026-02-14T13:15:42.023621" elapsed="2.039909"/>
</kw>
<kw name="Sleep" owner="BuiltIn">
<msg time="2026-02-14T13:15:46.065074" level="INFO">Slept 2 seconds.</msg>
<arg>2s</arg>
<doc>Pauses the test executed for the given time.</doc>
<status status="PASS" start="2026-02-14T13:15:44.064108" elapsed="2.001097"/>
</kw>
<kw name="Verify Successful Login" owner="LoginKeywordsRes">
<kw name="Page Should Contain" owner="SeleniumLibrary">
<msg time="2026-02-14T13:15:46.088629" level="INFO">Current page contains text 'Edit your account information'.</msg>
<arg>Edit your account information</arg>
<doc>Verifies that current page contains ``text``.</doc>
<status status="PASS" start="2026-02-14T13:15:46.065712" elapsed="0.023005"/>
</kw>
<status status="PASS" start="2026-02-14T13:15:46.065440" elapsed="0.023357"/>
</kw>
<status status="PASS" start="2026-02-14T13:15:41.560614" elapsed="4.528215"/>
</branch>
<branch type="EXCEPT">
<pattern>Element 'id=login-button' not found</pattern>
<kw name="Log" owner="BuiltIn">
<arg>The login button was missing from the page.</arg>
<arg>level=ERROR</arg>
<doc>Logs the given message with the given level.</doc>
<status status="NOT RUN" start="2026-02-14T13:15:46.089028" elapsed="0.000022"/>
</kw>
<status status="NOT RUN" start="2026-02-14T13:15:46.088917" elapsed="0.000167"/>
</branch>
<branch type="EXCEPT" assign="${error_msg}">
<pattern>*</pattern>
<kw name="Log To Console" owner="BuiltIn">
<arg>An unexpected error occurred: ${error_msg}</arg>
<doc>Logs the given message to the console.</doc>
<status status="NOT RUN" start="2026-02-14T13:15:46.089187" elapsed="0.000018"/>
</kw>
<kw name="Log" owner="BuiltIn">
<arg>An unexpected error occurred: ${error_msg}</arg>
<doc>Logs the given message with the given level.</doc>
<status status="NOT RUN" start="2026-02-14T13:15:46.089267" elapsed="0.000017"/>
</kw>
<kw name="Capture Page Screenshot" owner="SeleniumLibrary">
<arg>filename=login_failure.png</arg>
<doc>Takes a screenshot of the current page and embeds it into a log file.</doc>
<status status="NOT RUN" start="2026-02-14T13:15:46.089351" elapsed="0.000017"/>
</kw>
<status status="NOT RUN" start="2026-02-14T13:15:46.089123" elapsed="0.000271"/>
</branch>
<branch type="FINALLY">
<kw name="Close My Browser" owner="LoginKeywordsRes">
<kw name="Close All Browsers" owner="SeleniumLibrary">
<doc>Closes all open browsers and resets the browser cache.</doc>
<status status="PASS" start="2026-02-14T13:15:46.089709" elapsed="2.175173"/>
</kw>
<status status="PASS" start="2026-02-14T13:15:46.089534" elapsed="2.175586"/>
</kw>
<status status="PASS" start="2026-02-14T13:15:46.089438" elapsed="2.175774"/>
</branch>
<status status="PASS" start="2026-02-14T13:15:41.560367" elapsed="6.704943"/>
</try>
<tag>Smoke</tag>
<status status="PASS" start="2026-02-14T13:15:34.670304" elapsed="13.595314"/>
</test>
<meta name="Executed by"/>
<status status="PASS" start="2026-02-14T13:15:34.495000" elapsed="13.771000"/>
</suite>
<statistics>
<total>
<stat pass="2" fail="0" skip="0">All Tests</stat>
</total>
<tag>
<stat pass="1" fail="0" skip="0">Smoke</stat>
</tag>
<suite>
<stat name="Login test" id="s1" pass="2" fail="0" skip="0">Login test</stat>
</suite>
</statistics>
<errors>
</errors>
</robot>
