<?xml version="1.0" encoding="UTF-8"?>
<robot generator="Robot 7.4.1 (Python 3.14.0 on win32)" generated="2026-02-17T11:52:31.380911" rpa="false" schemaversion="5">
<suite id="s1" name="Login test" source="C:\Users\HP\PycharmProjects\RobotFM\POM_In_RF\TestCases\Login_test.robot">
<test id="s1-t1" name="Login test" line="17">
<kw name="Open My Browser" owner="LoginKeywordsRes">
<kw name="Open Browser" owner="SeleniumLibrary">
<msg time="2026-02-17T11:52:31.573782" level="INFO">Opening browser 'chrome' to base url 'https://tutorialsninja.com/demo/index.php?route=account/login'.</msg>
<arg>${SITE_URL}</arg>
<arg>${BROWSER}</arg>
<doc>Opens a new browser instance to the optional ``url``.</doc>
<status status="PASS" start="2026-02-17T11:52:31.573561" elapsed="14.337399"/>
</kw>
<kw name="Maximize Browser Window" owner="SeleniumLibrary">
<doc>Maximizes current browser window.</doc>
<status status="PASS" start="2026-02-17T11:52:45.911907" elapsed="0.043849"/>
</kw>
<arg>${SITE_URL}</arg>
<arg>${BROWSER}</arg>
<status status="PASS" start="2026-02-17T11:52:31.572698" elapsed="14.383393"/>
</kw>
<kw name="Enter Username" owner="LoginKeywordsRes">
<kw name="Input Text" owner="SeleniumLibrary">
<msg time="2026-02-17T11:52:45.959793" level="INFO">Typing text 'nanapatekar@gmail.com' into text field 'id:input-email'.</msg>
<arg>${txt_loginUsername}</arg>
<arg>${username}</arg>
<doc>Types the given ``text`` into the text field identified by ``locator``.</doc>
<status status="PASS" start="2026-02-17T11:52:45.958124" elapsed="0.307547"/>
</kw>
<arg>${username}</arg>
<status status="PASS" start="2026-02-17T11:52:45.957229" elapsed="0.308868"/>
</kw>
<kw name="Enter Password" owner="LoginKeywordsRes">
<kw name="Input Text" owner="SeleniumLibrary">
<msg time="2026-02-17T11:52:46.268503" level="INFO">Typing text 'nanapatekar' into text field 'id:input-password'.</msg>
<arg>${txt_loginPassword}</arg>
<arg>${password}</arg>
<doc>Types the given ``text`` into the text field identified by ``locator``.</doc>
<status status="PASS" start="2026-02-17T11:52:46.267928" elapsed="0.175558"/>
</kw>
<arg>${password}</arg>
<status status="PASS" start="2026-02-17T11:52:46.266931" elapsed="0.176725"/>
</kw>
<kw name="Click Login" owner="LoginKeywordsRes">
<kw name="Click Element" owner="SeleniumLibrary">
<msg time="2026-02-17T11:52:46.445984" level="INFO">Clicking element 'xpath://input[@type='submit']'.</msg>
<arg>${btn_Login}</arg>
<doc>Click the element identified by ``locator``.</doc>
<status status="PASS" start="2026-02-17T11:52:46.445430" elapsed="0.109789"/>
</kw>
<status status="PASS" start="2026-02-17T11:52:46.444430" elapsed="0.111090"/>
</kw>
<kw name="Sleep" owner="BuiltIn">
<msg time="2026-02-17T11:52:48.558455" level="INFO">Slept 2 seconds.</msg>
<arg>2s</arg>
<doc>Pauses the test executed for the given time.</doc>
<status status="PASS" start="2026-02-17T11:52:46.556273" elapsed="2.002448"/>
</kw>
<kw name="Verify Successful Login" owner="LoginKeywordsRes">
<kw name="Page Should Contain" owner="SeleniumLibrary">
<msg time="2026-02-17T11:52:48.588240" level="INFO">Current page contains text 'Edit your account information'.</msg>
<arg>Edit your account information</arg>
<doc>Verifies that current page contains ``text``.</doc>
<status status="PASS" start="2026-02-17T11:52:48.562099" elapsed="0.026336"/>
</kw>
<status status="PASS" start="2026-02-17T11:52:48.560628" elapsed="0.028025"/>
</kw>
<kw name="Close My Browser" owner="LoginKeywordsRes">
<kw name="Close All Browsers" owner="SeleniumLibrary">
<doc>Closes all open browsers and resets the browser cache.</doc>
<status status="PASS" start="2026-02-17T11:52:48.590156" elapsed="2.331128"/>
</kw>
<status status="PASS" start="2026-02-17T11:52:48.589538" elapsed="2.331879"/>
</kw>
<status status="PASS" start="2026-02-17T11:52:31.572097" elapsed="19.349826"/>
</test>
<test id="s1-t2" name="Login test with Try and Except block" line="27">
<kw name="Skip" owner="BuiltIn">
<msg time="2026-02-17T11:52:50.924140" level="SKIP">we are testing skip functionality</msg>
<arg>we are testing skip functionality</arg>
<doc>Skips the rest of the current test.</doc>
<status status="SKIP" start="2026-02-17T11:52:50.923690" elapsed="0.000660">we are testing skip functionality</status>
</kw>
<kw name="Open My Browser" owner="LoginKeywordsRes">
<arg>${SITE_URL}</arg>
<arg>${BROWSER}</arg>
<status status="NOT RUN" start="2026-02-17T11:52:50.924861" elapsed="0.000056"/>
</kw>
<try>
<branch type="TRY">
<kw name="Enter Username" owner="LoginKeywordsRes">
<arg>${username}</arg>
<status status="NOT RUN" start="2026-02-17T11:52:50.925539" elapsed="0.000043"/>
</kw>
<kw name="Enter Password" owner="LoginKeywordsRes">
<arg>${password}</arg>
<status status="NOT RUN" start="2026-02-17T11:52:50.925716" elapsed="0.000039"/>
</kw>
<kw name="Click Login" owner="LoginKeywordsRes">
<status status="NOT RUN" start="2026-02-17T11:52:50.925875" elapsed="0.000031"/>
</kw>
<kw name="Sleep" owner="BuiltIn">
<arg>2s</arg>
<doc>Pauses the test executed for the given time.</doc>
<status status="NOT RUN" start="2026-02-17T11:52:50.926036" elapsed="0.000031"/>
</kw>
<kw name="Verify Successful Login" owner="LoginKeywordsRes">
<status status="NOT RUN" start="2026-02-17T11:52:50.926199" elapsed="0.000038"/>
</kw>
<status status="NOT RUN" start="2026-02-17T11:52:50.925356" elapsed="0.000925"/>
</branch>
<branch type="EXCEPT">
<pattern>Element 'id=login-button' not found</pattern>
<kw name="Log" owner="BuiltIn">
<arg>The login button was missing from the page.</arg>
<arg>level=ERROR</arg>
<doc>Logs the given message with the given level.</doc>
<status status="NOT RUN" start="2026-02-17T11:52:50.926523" elapsed="0.000037"/>
</kw>
<status status="NOT RUN" start="2026-02-17T11:52:50.926384" elapsed="0.000236"/>
</branch>
<branch type="EXCEPT" assign="${error_msg}">
<pattern>*</pattern>
<kw name="Log To Console" owner="BuiltIn">
<arg>An unexpected error occurred: ${error_msg}</arg>
<doc>Logs the given message to the console.</doc>
<status status="NOT RUN" start="2026-02-17T11:52:50.926817" elapsed="0.000037"/>
</kw>
<kw name="Log" owner="BuiltIn">
<arg>An unexpected error occurred: ${error_msg}</arg>
<doc>Logs the given message with the given level.</doc>
<status status="NOT RUN" start="2026-02-17T11:52:50.926996" elapsed="0.000037"/>
</kw>
<kw name="Capture Page Screenshot" owner="SeleniumLibrary">
<arg>filename=login_failure.png</arg>
<doc>Takes a screenshot of the current page and embeds it into a log file.</doc>
<status status="NOT RUN" start="2026-02-17T11:52:50.927173" elapsed="0.000035"/>
</kw>
<status status="NOT RUN" start="2026-02-17T11:52:50.926695" elapsed="0.000568"/>
</branch>
<branch type="FINALLY">
<kw name="Close My Browser" owner="LoginKeywordsRes">
<status status="NOT RUN" start="2026-02-17T11:52:50.927494" elapsed="0.000040"/>
</kw>
<status status="NOT RUN" start="2026-02-17T11:52:50.927346" elapsed="0.000234"/>
</branch>
<status status="NOT RUN" start="2026-02-17T11:52:50.925282" elapsed="0.002346"/>
</try>
<kw name="Find Element">
<status status="NOT RUN" start="2026-02-17T11:52:50.928176" elapsed="0.000065"/>
</kw>
<tag>Smoke</tag>
<status status="SKIP" start="2026-02-17T11:52:50.923041" elapsed="0.005752">we are testing skip functionality</status>
</test>
<test id="s1-t3" name="TC3 Login test with custom.py file" line="60">
<kw name="Open My Browser" owner="LoginKeywordsRes">
<kw name="Open Browser" owner="SeleniumLibrary">
<msg time="2026-02-17T11:52:50.931990" level="INFO">Opening browser 'chrome' to base url 'https://tutorialsninja.com/demo/index.php?route=account/login'.</msg>
<arg>${SITE_URL}</arg>
<arg>${BROWSER}</arg>
<doc>Opens a new browser instance to the optional ``url``.</doc>
<status status="PASS" start="2026-02-17T11:52:50.931663" elapsed="5.291608"/>
</kw>
<kw name="Maximize Browser Window" owner="SeleniumLibrary">
<doc>Maximizes current browser window.</doc>
<status status="PASS" start="2026-02-17T11:52:56.223991" elapsed="0.038522"/>
</kw>
<arg>${SITE_URL}</arg>
<arg>${BROWSER}</arg>
<status status="PASS" start="2026-02-17T11:52:50.931141" elapsed="5.331639"/>
</kw>
<kw name="Register New User" owner="LoginKeywordsRes">
<kw name="Generate Random Email" owner="LoginHelper">
<msg time="2026-02-17T11:52:56.264227" level="INFO">${email} = cqnugcqp@gmail.com</msg>
<var>${email}</var>
<doc>Business Logic: Creates a unique email for every test run</doc>
<status status="PASS" start="2026-02-17T11:52:56.263946" elapsed="0.000327"/>
</kw>
<kw name="Input Text" owner="SeleniumLibrary">
<msg time="2026-02-17T11:52:56.265498" level="INFO">Typing text 'cqnugcqp@gmail.com' into text field 'id:input-email'.</msg>
<arg>${txt_loginUsername}</arg>
<arg>${email}</arg>
<doc>Types the given ``text`` into the text field identified by ``locator``.</doc>
<status status="PASS" start="2026-02-17T11:52:56.264767" elapsed="0.217297"/>
</kw>
<status status="PASS" start="2026-02-17T11:52:56.263500" elapsed="0.218810"/>
</kw>
<kw name="Sleep" owner="BuiltIn">
<msg time="2026-02-17T11:53:01.484165" level="INFO">Slept 5 seconds.</msg>
<arg>5s</arg>
<doc>Pauses the test executed for the given time.</doc>
<status status="PASS" start="2026-02-17T11:52:56.482827" elapsed="5.001907"/>
</kw>
<status status="PASS" start="2026-02-17T11:52:50.930340" elapsed="10.556061"/>
</test>
<meta name="Executed by">AutomationPOM tester</meta>
<status status="PASS" start="2026-02-17T11:52:31.383376" elapsed="30.106480"/>
</suite>
<statistics>
<total>
<stat pass="2" fail="0" skip="1">All Tests</stat>
</total>
<tag>
<stat pass="0" fail="0" skip="1">Smoke</stat>
</tag>
<suite>
<stat name="Login test" id="s1" pass="2" fail="0" skip="1">Login test</stat>
</suite>
</statistics>
<errors>
</errors>
</robot>
